app/build/intermediates/manifest_merge_blame_file/release/processReleaseMainManifest/manifest-merger-blame-release-report.txt
1<?xml version="1.0" encoding="utf-8"?>
2<!--
3  AndroidManifest.xml for 3D Live Wallpaper
4  Configured for Android 15 (API 35) with all required permissions and services
5  
6  Key Features:
7  - WallpaperService with BIND_WALLPAPER permission
8  - Settings and Preview Activities
9  - Network security configuration
10  - Hardware capability requirements
11-->
12<manifest xmlns:android="http://schemas.android.com/apk/res/android"
13    package="com.example.wallpaper"
14    android:versionCode="1"
15    android:versionName="1.0.0" >
16
17    <uses-sdk
18        android:minSdkVersion="24"
19        android:targetSdkVersion="35" />
20
21    <!--
22      Required permissions for Live Wallpaper functionality
23      
24      INTERNET: Required for loading web content and remote assets
25      ACCESS_NETWORK_STATE: Monitor network state for asset loading
26      WAKE_LOCK: Keep device awake during wallpaper rendering (optional)
27    -->
28    <uses-permission android:name="android.permission.INTERNET" />
28-->src/main/AndroidManifest.xml:24:5-67
28-->src/main/AndroidManifest.xml:24:22-64
29    <uses-permission android:name="android.permission.ACCESS_NETWORK_STATE" />
29-->src/main/AndroidManifest.xml:25:5-79
29-->src/main/AndroidManifest.xml:25:22-76
30    <uses-permission android:name="android.permission.WAKE_LOCK" />
30-->src/main/AndroidManifest.xml:26:5-68
30-->src/main/AndroidManifest.xml:26:22-65
31
32    <!--
33      Wallpaper-specific permissions and features
34      
35      BIND_WALLPAPER: System permission that the wallpaper service requires
36      This ensures only the Android system can bind to this service
37    -->
38    <uses-permission android:name="android.permission.BIND_WALLPAPER" />
38-->src/main/AndroidManifest.xml:34:5-73
38-->src/main/AndroidManifest.xml:34:22-70
39
40    <!--
41      Hardware and software requirements
42      
43      live_wallpaper: Ensures app appears only on devices supporting live wallpapers
44      touchscreen: Required for gesture interaction with the wallpaper
45      portrait | landscape: Support both orientations for flexible viewing
46    -->
47    <uses-feature
47-->src/main/AndroidManifest.xml:43:5-45:35
48        android:name="android.software.live_wallpaper"
48-->src/main/AndroidManifest.xml:44:9-55
49        android:required="true" />
49-->src/main/AndroidManifest.xml:45:9-32
50    <uses-feature
50-->src/main/AndroidManifest.xml:46:5-48:35
51        android:name="android.hardware.touchscreen"
51-->src/main/AndroidManifest.xml:47:9-52
52        android:required="true" />
52-->src/main/AndroidManifest.xml:48:9-32
53    <uses-feature
53-->src/main/AndroidManifest.xml:49:5-51:36
54        android:name="android.hardware.touchscreen.multitouch"
54-->src/main/AndroidManifest.xml:50:9-63
55        android:required="false" />
55-->src/main/AndroidManifest.xml:51:9-33
56
57    <!--
58      Supported orientations - wallpapers work best in both orientations
59      The actual wallpaper will adapt to screen size and orientation
60    -->
61    <supports-screens
61-->src/main/AndroidManifest.xml:57:5-62:37
62        android:anyDensity="true"
62-->src/main/AndroidManifest.xml:62:9-34
63        android:largeScreens="true"
63-->src/main/AndroidManifest.xml:60:9-36
64        android:normalScreens="true"
64-->src/main/AndroidManifest.xml:59:9-37
65        android:smallScreens="true"
65-->src/main/AndroidManifest.xml:58:9-36
66        android:xlargeScreens="true" />
66-->src/main/AndroidManifest.xml:61:9-37
67
68    <permission
68-->[androidx.core:core:1.12.0] AndroidManifest.xml:22:5-24:47
69        android:name="com.example.wallpaper.DYNAMIC_RECEIVER_NOT_EXPORTED_PERMISSION"
69-->[androidx.core:core:1.12.0] AndroidManifest.xml:23:9-81
70        android:protectionLevel="signature" />
70-->[androidx.core:core:1.12.0] AndroidManifest.xml:24:9-44
71
72    <uses-permission android:name="com.example.wallpaper.DYNAMIC_RECEIVER_NOT_EXPORTED_PERMISSION" />
72-->[androidx.core:core:1.12.0] AndroidManifest.xml:26:5-97
72-->[androidx.core:core:1.12.0] AndroidManifest.xml:26:22-94
73
74    <application
74-->src/main/AndroidManifest.xml:64:5-183:19
75        android:name="com.example.wallpaper.WallpaperApplication"
75-->src/main/AndroidManifest.xml:65:9-45
76        android:allowBackup="false"
76-->src/main/AndroidManifest.xml:66:9-36
77        android:appComponentFactory="androidx.core.app.CoreComponentFactory"
77-->src/main/AndroidManifest.xml:67:9-77
78        android:dataExtractionRules="@xml/data_extraction_rules"
78-->src/main/AndroidManifest.xml:68:9-65
79        android:enableOnBackInvokedCallback="true"
79-->src/main/AndroidManifest.xml:69:9-51
80        android:extractNativeLibs="false"
81        android:icon="@mipmap/ic_launcher"
81-->src/main/AndroidManifest.xml:70:9-43
82        android:label="@string/app_name"
82-->src/main/AndroidManifest.xml:71:9-41
83        android:networkSecurityConfig="@xml/network_security_config"
83-->src/main/AndroidManifest.xml:72:9-69
84        android:roundIcon="@mipmap/ic_launcher_round"
84-->src/main/AndroidManifest.xml:73:9-54
85        android:supportsRtl="true"
85-->src/main/AndroidManifest.xml:74:9-35
86        android:theme="@style/Theme.Wallpaper"
86-->src/main/AndroidManifest.xml:75:9-47
87        android:usesCleartextTraffic="false" >
87-->src/main/AndroidManifest.xml:76:9-45
88
89        <!--
90          Main WallpaperService - The core service that renders the wallpaper
91          
92          Key attributes:
93          - name: Full qualified service class
94          - permission: BIND_WALLPAPER (required for wallpapers)
95          - exported: false (security - not accessible from other apps)
96          
97          Intent filter matches WallpaperService action for system discovery
98        -->
99        <service
99-->src/main/AndroidManifest.xml:89:9-109:19
100            android:name="com.example.wallpaper.service.LiveWallpaperService"
100-->src/main/AndroidManifest.xml:90:13-57
101            android:exported="false"
101-->src/main/AndroidManifest.xml:93:13-37
102            android:label="@string/wallpaper_service_name"
102-->src/main/AndroidManifest.xml:91:13-59
103            android:permission="android.permission.BIND_WALLPAPER" >
103-->src/main/AndroidManifest.xml:92:13-67
104            <intent-filter>
104-->src/main/AndroidManifest.xml:94:13-96:29
105                <action android:name="android.service.wallpaper.WallpaperService" />
105-->src/main/AndroidManifest.xml:95:17-85
105-->src/main/AndroidManifest.xml:95:25-82
106            </intent-filter>
107
108            <!--
109              Wallpaper metadata - Links to configuration XML and settings activity
110              
111              The metadata file (livewallpaper.xml) contains:
112              - Wallpaper name and description
113              - Thumbnail resource for picker
114              - Settings activity reference
115            -->
116            <meta-data
116-->src/main/AndroidManifest.xml:106:13-108:57
117                android:name="android.service.wallpaper"
117-->src/main/AndroidManifest.xml:107:17-57
118                android:resource="@xml/livewallpaper" />
118-->src/main/AndroidManifest.xml:108:17-54
119        </service>
120
121        <!--
122          Settings Activity - User configuration interface
123          
124          Purpose:
125          - URL input for custom web content
126          - Quality preset selection
127          - Touch interaction toggle
128          - Launch system wallpaper picker
129          
130          Launch modes optimized for proper back navigation
131        -->
132        <activity
132-->src/main/AndroidManifest.xml:122:9-133:20
133            android:name="com.example.wallpaper.ui.SettingsActivity"
133-->src/main/AndroidManifest.xml:123:13-48
134            android:exported="false"
134-->src/main/AndroidManifest.xml:124:13-37
135            android:label="@string/settings_title"
135-->src/main/AndroidManifest.xml:125:13-51
136            android:launchMode="singleTop"
136-->src/main/AndroidManifest.xml:128:13-43
137            android:parentActivityName="com.example.wallpaper.settings.PreviewActivity"
137-->src/main/AndroidManifest.xml:126:13-67
138            android:theme="@style/Theme.Wallpaper.NoActionBar"
138-->src/main/AndroidManifest.xml:127:13-63
139            android:windowSoftInputMode="adjustResize" >
139-->src/main/AndroidManifest.xml:129:13-55
140            <meta-data
140-->src/main/AndroidManifest.xml:130:13-132:61
141                android:name="android.app.PARENT_ACTIVITY"
141-->src/main/AndroidManifest.xml:131:17-59
142                android:value=".settings.PreviewActivity" />
142-->src/main/AndroidManifest.xml:132:17-58
143        </activity>
144
145        <!--
146          Preview Activity - Shows wallpaper preview before activation
147          
148          Used by the system wallpaper picker to preview the wallpaper
149          Runs in a separate task to avoid interfering with home screen
150        -->
151        <activity
151-->src/main/AndroidManifest.xml:141:9-148:68
152            android:name="com.example.wallpaper.settings.PreviewActivity"
152-->src/main/AndroidManifest.xml:142:13-53
153            android:excludeFromRecents="true"
153-->src/main/AndroidManifest.xml:147:13-46
154            android:exported="false"
154-->src/main/AndroidManifest.xml:143:13-37
155            android:label="@string/preview_title"
155-->src/main/AndroidManifest.xml:144:13-50
156            android:launchMode="singleTop"
156-->src/main/AndroidManifest.xml:146:13-43
157            android:taskAffinity="com.example.wallpaper.preview"
157-->src/main/AndroidManifest.xml:148:13-65
158            android:theme="@style/Theme.Wallpaper.Fullscreen" />
158-->src/main/AndroidManifest.xml:145:13-62
159
160        <!--
161          Launcher Activity - Entry point for testing/debugging
162          
163          Optional: For development/testing, this activity can be used
164          to manually configure and launch the wallpaper preview
165        -->
166        <activity
166-->src/main/AndroidManifest.xml:156:9-165:20
167            android:name="com.example.wallpaper.settings.MainActivity"
167-->src/main/AndroidManifest.xml:157:13-50
168            android:exported="true"
168-->src/main/AndroidManifest.xml:158:13-36
169            android:label="@string/app_name"
169-->src/main/AndroidManifest.xml:159:13-45
170            android:theme="@style/Theme.Wallpaper.NoActionBar" >
170-->src/main/AndroidManifest.xml:160:13-63
171            <intent-filter>
171-->src/main/AndroidManifest.xml:161:13-164:29
172                <action android:name="android.intent.action.MAIN" />
172-->src/main/AndroidManifest.xml:162:17-69
172-->src/main/AndroidManifest.xml:162:25-66
173
174                <category android:name="android.intent.category.LAUNCHER" />
174-->src/main/AndroidManifest.xml:163:17-77
174-->src/main/AndroidManifest.xml:163:27-74
175            </intent-filter>
176        </activity>
177
178        <!--
179          WallpaperChangeReceiver - Handles wallpaper selection broadcasts
180          
181          Optional: Receives broadcasts when wallpaper is applied/removed
182          for analytics or cleanup purposes
183        -->
184        <receiver
184-->src/main/AndroidManifest.xml:173:9-181:20
185            android:name="com.example.wallpaper.prefs.WallpaperChangeReceiver"
185-->src/main/AndroidManifest.xml:174:13-58
186            android:enabled="true"
186-->src/main/AndroidManifest.xml:176:13-35
187            android:exported="false" >
187-->src/main/AndroidManifest.xml:175:13-37
188            <intent-filter android:priority="1000" >
188-->src/main/AndroidManifest.xml:177:13-180:29
188-->src/main/AndroidManifest.xml:177:28-51
189                <action android:name="android.app.action.LIVE_WALLPAPER_CHANGED" />
189-->src/main/AndroidManifest.xml:178:17-84
189-->src/main/AndroidManifest.xml:178:25-81
190                <action android:name="android.intent.action.BOOT_COMPLETED" />
190-->src/main/AndroidManifest.xml:179:17-79
190-->src/main/AndroidManifest.xml:179:25-76
191            </intent-filter>
192        </receiver>
193
194        <provider
194-->[androidx.emoji2:emoji2:1.2.0] AndroidManifest.xml:24:9-32:20
195            android:name="androidx.startup.InitializationProvider"
195-->[androidx.emoji2:emoji2:1.2.0] AndroidManifest.xml:25:13-67
196            android:authorities="com.example.wallpaper.androidx-startup"
196-->[androidx.emoji2:emoji2:1.2.0] AndroidManifest.xml:26:13-68
197            android:exported="false" >
197-->[androidx.emoji2:emoji2:1.2.0] AndroidManifest.xml:27:13-37
198            <meta-data
198-->[androidx.emoji2:emoji2:1.2.0] AndroidManifest.xml:29:13-31:52
199                android:name="androidx.emoji2.text.EmojiCompatInitializer"
199-->[androidx.emoji2:emoji2:1.2.0] AndroidManifest.xml:30:17-75
200                android:value="androidx.startup" />
200-->[androidx.emoji2:emoji2:1.2.0] AndroidManifest.xml:31:17-49
201            <meta-data
201-->[androidx.lifecycle:lifecycle-process:2.7.0] AndroidManifest.xml:29:13-31:52
202                android:name="androidx.lifecycle.ProcessLifecycleInitializer"
202-->[androidx.lifecycle:lifecycle-process:2.7.0] AndroidManifest.xml:30:17-78
203                android:value="androidx.startup" />
203-->[androidx.lifecycle:lifecycle-process:2.7.0] AndroidManifest.xml:31:17-49
204            <meta-data
204-->[androidx.profileinstaller:profileinstaller:1.3.0] AndroidManifest.xml:29:13-31:52
205                android:name="androidx.profileinstaller.ProfileInstallerInitializer"
205-->[androidx.profileinstaller:profileinstaller:1.3.0] AndroidManifest.xml:30:17-85
206                android:value="androidx.startup" />
206-->[androidx.profileinstaller:profileinstaller:1.3.0] AndroidManifest.xml:31:17-49
207        </provider>
208
209        <uses-library
209-->[androidx.window:window:1.0.0] AndroidManifest.xml:25:9-27:40
210            android:name="androidx.window.extensions"
210-->[androidx.window:window:1.0.0] AndroidManifest.xml:26:13-54
211            android:required="false" />
211-->[androidx.window:window:1.0.0] AndroidManifest.xml:27:13-37
212        <uses-library
212-->[androidx.window:window:1.0.0] AndroidManifest.xml:28:9-30:40
213            android:name="androidx.window.sidecar"
213-->[androidx.window:window:1.0.0] AndroidManifest.xml:29:13-51
214            android:required="false" />
214-->[androidx.window:window:1.0.0] AndroidManifest.xml:30:13-37
215
216        <receiver
216-->[androidx.profileinstaller:profileinstaller:1.3.0] AndroidManifest.xml:34:9-52:20
217            android:name="androidx.profileinstaller.ProfileInstallReceiver"
217-->[androidx.profileinstaller:profileinstaller:1.3.0] AndroidManifest.xml:35:13-76
218            android:directBootAware="false"
218-->[androidx.profileinstaller:profileinstaller:1.3.0] AndroidManifest.xml:36:13-44
219            android:enabled="true"
219-->[androidx.profileinstaller:profileinstaller:1.3.0] AndroidManifest.xml:37:13-35
220            android:exported="true"
220-->[androidx.profileinstaller:profileinstaller:1.3.0] AndroidManifest.xml:38:13-36
221            android:permission="android.permission.DUMP" >
221-->[androidx.profileinstaller:profileinstaller:1.3.0] AndroidManifest.xml:39:13-57
222            <intent-filter>
222-->[androidx.profileinstaller:profileinstaller:1.3.0] AndroidManifest.xml:40:13-42:29
223                <action android:name="androidx.profileinstaller.action.INSTALL_PROFILE" />
223-->[androidx.profileinstaller:profileinstaller:1.3.0] AndroidManifest.xml:41:17-91
223-->[androidx.profileinstaller:profileinstaller:1.3.0] AndroidManifest.xml:41:25-88
224            </intent-filter>
225            <intent-filter>
225-->[androidx.profileinstaller:profileinstaller:1.3.0] AndroidManifest.xml:43:13-45:29
226                <action android:name="androidx.profileinstaller.action.SKIP_FILE" />
226-->[androidx.profileinstaller:profileinstaller:1.3.0] AndroidManifest.xml:44:17-85
226-->[androidx.profileinstaller:profileinstaller:1.3.0] AndroidManifest.xml:44:25-82
227            </intent-filter>
228            <intent-filter>
228-->[androidx.profileinstaller:profileinstaller:1.3.0] AndroidManifest.xml:46:13-48:29
229                <action android:name="androidx.profileinstaller.action.SAVE_PROFILE" />
229-->[androidx.profileinstaller:profileinstaller:1.3.0] AndroidManifest.xml:47:17-88
229-->[androidx.profileinstaller:profileinstaller:1.3.0] AndroidManifest.xml:47:25-85
230            </intent-filter>
231            <intent-filter>
231-->[androidx.profileinstaller:profileinstaller:1.3.0] AndroidManifest.xml:49:13-51:29
232                <action android:name="androidx.profileinstaller.action.BENCHMARK_OPERATION" />
232-->[androidx.profileinstaller:profileinstaller:1.3.0] AndroidManifest.xml:50:17-95
232-->[androidx.profileinstaller:profileinstaller:1.3.0] AndroidManifest.xml:50:25-92
233            </intent-filter>
234        </receiver>
235    </application>
236
237</manifest>